

Started GET "/" for ::1 at 2015-04-01 20:33:59 +0800
Processing by Rails::WelcomeController#index as HTML
  Rendered /Users/Chu/.rvm/gems/ruby-2.1.5/gems/railties-4.2.0/lib/rails/templates/rails/welcome/index.html.erb (2.3ms)
Completed 200 OK in 26ms (Views: 16.9ms | ActiveRecord: 0.0ms)
  [1m[36m (1.0ms)[0m  [1mCREATE TABLE "schema_migrations" ("version" varchar NOT NULL) [0m
  [1m[35m (0.1ms)[0m  select sqlite_version(*)
  [1m[36m (0.9ms)[0m  [1mCREATE UNIQUE INDEX "unique_schema_migrations" ON "schema_migrations" ("version")[0m
  [1m[35mActiveRecord::SchemaMigration Load (0.1ms)[0m  SELECT "schema_migrations".* FROM "schema_migrations"
Migrating to CreateTopics (20150401123544)
  [1m[36m (0.1ms)[0m  [1mbegin transaction[0m
  [1m[35m (0.4ms)[0m  CREATE TABLE "topics" ("id" INTEGER PRIMARY KEY AUTOINCREMENT NOT NULL, "title" varchar, "description" text, "created_at" datetime NOT NULL, "updated_at" datetime NOT NULL) 
  [1m[36mSQL (0.2ms)[0m  [1mINSERT INTO "schema_migrations" ("version") VALUES (?)[0m  [["version", "20150401123544"]]
  [1m[35m (0.7ms)[0m  commit transaction
  [1m[36mActiveRecord::SchemaMigration Load (0.1ms)[0m  [1mSELECT "schema_migrations".* FROM "schema_migrations"[0m


Started GET "/" for ::1 at 2015-04-01 20:38:08 +0800
  [1m[36mActiveRecord::SchemaMigration Load (0.2ms)[0m  [1mSELECT "schema_migrations".* FROM "schema_migrations"[0m
Processing by Rails::WelcomeController#index as HTML
  Rendered /Users/Chu/.rvm/gems/ruby-2.1.5/gems/railties-4.2.0/lib/rails/templates/rails/welcome/index.html.erb (1.9ms)
Completed 200 OK in 24ms (Views: 13.6ms | ActiveRecord: 0.0ms)


Started GET "/topics" for ::1 at 2015-04-01 20:38:23 +0800
Processing by TopicsController#index as HTML
  [1m[35mTopic Load (0.2ms)[0m  SELECT "topics".* FROM "topics"
  Rendered topics/index.html.erb within layouts/application (2.6ms)
Completed 200 OK in 1529ms (Views: 1526.0ms | ActiveRecord: 0.3ms)


Started GET "/assets/application-6eccce86192d2e6614d08b6a8b8d81a6.css?body=1" for ::1 at 2015-04-01 20:38:25 +0800


Started GET "/assets/scaffolds-8a7fe7167b05f9bab3dfcfce85551049.css?body=1" for ::1 at 2015-04-01 20:38:25 +0800


Started GET "/assets/jquery-87424c3c19e96d4fb033c10ebe21ec40.js?body=1" for ::1 at 2015-04-01 20:38:25 +0800


Started GET "/assets/turbolinks-f87b3583ca50adb0488b031297f5580d.js?body=1" for ::1 at 2015-04-01 20:38:25 +0800


Started GET "/assets/jquery_ujs-e27bd20a10d28155845a22d71ef94f2f.js?body=1" for ::1 at 2015-04-01 20:38:25 +0800


Started GET "/assets/topics-64e62ddc273c2f5847f30d698ca14b67.css?body=1" for ::1 at 2015-04-01 20:38:25 +0800


Started GET "/assets/topics-fcec5b5a277ac7c20cc9f45a209a3bcd.js?body=1" for ::1 at 2015-04-01 20:38:25 +0800


Started GET "/assets/application-001948a807d6467a657420955d9f0c1c.js?body=1" for ::1 at 2015-04-01 20:38:25 +0800


Started GET "/" for ::1 at 2015-04-01 20:39:30 +0800
Processing by Rails::WelcomeController#index as HTML
  Rendered /Users/Chu/.rvm/gems/ruby-2.1.5/gems/railties-4.2.0/lib/rails/templates/rails/welcome/index.html.erb (0.1ms)
Completed 200 OK in 1ms (Views: 0.9ms | ActiveRecord: 0.0ms)


Started GET "/" for ::1 at 2015-04-01 20:39:34 +0800
Processing by Rails::WelcomeController#index as HTML
  Rendered /Users/Chu/.rvm/gems/ruby-2.1.5/gems/railties-4.2.0/lib/rails/templates/rails/welcome/index.html.erb (0.0ms)
Completed 200 OK in 1ms (Views: 0.8ms | ActiveRecord: 0.0ms)


Started GET "/topics" for ::1 at 2015-04-01 20:39:35 +0800
Processing by TopicsController#index as HTML
  [1m[36mTopic Load (0.1ms)[0m  [1mSELECT "topics".* FROM "topics"[0m
  Rendered topics/index.html.erb within layouts/application (0.8ms)
Completed 200 OK in 45ms (Views: 44.0ms | ActiveRecord: 0.1ms)


Started GET "/assets/topics-64e62ddc273c2f5847f30d698ca14b67.css?body=1" for ::1 at 2015-04-01 20:39:35 +0800


Started GET "/topics" for ::1 at 2015-04-01 20:39:37 +0800
Processing by TopicsController#index as HTML
  [1m[35mTopic Load (0.1ms)[0m  SELECT "topics".* FROM "topics"
  Rendered topics/index.html.erb within layouts/application (0.6ms)
Completed 200 OK in 56ms (Views: 54.8ms | ActiveRecord: 0.1ms)


Started GET "/topics/new" for ::1 at 2015-04-01 20:39:39 +0800
Processing by TopicsController#new as HTML
  Rendered topics/_form.html.erb (24.6ms)
  Rendered topics/new.html.erb within layouts/application (39.3ms)
Completed 200 OK in 79ms (Views: 75.4ms | ActiveRecord: 0.2ms)


Started POST "/topics" for ::1 at 2015-04-01 20:39:42 +0800
Processing by TopicsController#create as HTML
  Parameters: {"utf8"=>"✓", "authenticity_token"=>"IdHF5xIKa11vwfcdW/IUeeA69iLEnNkb6O/JV1lavMzF7ZMsOwaWMSxxSPuhVlkKvRKZYDtDUZFdaOdXbCsOWQ==", "topic"=>{"title"=>"sd", "description"=>"sd"}, "commit"=>"Create Topic"}
  [1m[36m (0.1ms)[0m  [1mbegin transaction[0m
  [1m[35mSQL (0.4ms)[0m  INSERT INTO "topics" ("title", "description", "created_at", "updated_at") VALUES (?, ?, ?, ?)  [["title", "sd"], ["description", "sd"], ["created_at", "2015-04-01 12:39:42.418164"], ["updated_at", "2015-04-01 12:39:42.418164"]]
  [1m[36m (0.7ms)[0m  [1mcommit transaction[0m
Redirected to http://localhost:3000/topics/1
Completed 302 Found in 9ms (ActiveRecord: 1.2ms)


Started GET "/topics/1" for ::1 at 2015-04-01 20:39:42 +0800
Processing by TopicsController#show as HTML
  Parameters: {"id"=>"1"}
  [1m[35mTopic Load (0.2ms)[0m  SELECT  "topics".* FROM "topics" WHERE "topics"."id" = ? LIMIT 1  [["id", 1]]
  Rendered topics/show.html.erb within layouts/application (0.9ms)
Completed 200 OK in 73ms (Views: 50.7ms | ActiveRecord: 0.2ms)


Started GET "/topics/1/edit" for ::1 at 2015-04-01 20:39:45 +0800
Processing by TopicsController#edit as HTML
  Parameters: {"id"=>"1"}
  [1m[36mTopic Load (0.1ms)[0m  [1mSELECT  "topics".* FROM "topics" WHERE "topics"."id" = ? LIMIT 1[0m  [["id", 1]]
  Rendered topics/_form.html.erb (1.5ms)
  Rendered topics/edit.html.erb within layouts/application (2.7ms)
Completed 200 OK in 40ms (Views: 38.9ms | ActiveRecord: 0.1ms)


Started GET "/topics" for ::1 at 2015-04-01 20:39:48 +0800
Processing by TopicsController#index as HTML
  [1m[35mTopic Load (0.1ms)[0m  SELECT "topics".* FROM "topics"
  Rendered topics/index.html.erb within layouts/application (1.5ms)
Completed 200 OK in 39ms (Views: 38.2ms | ActiveRecord: 0.1ms)


Started GET "/topics" for ::1 at 2015-04-01 20:39:55 +0800
Processing by TopicsController#index as HTML
  [1m[36mTopic Load (0.2ms)[0m  [1mSELECT "topics".* FROM "topics"[0m
  Rendered topics/index.html.erb within layouts/application (1.0ms)
Completed 200 OK in 48ms (Views: 46.9ms | ActiveRecord: 0.2ms)


Started GET "/topics/new" for ::1 at 2015-04-01 20:40:02 +0800
Processing by TopicsController#new as HTML
  Rendered topics/_form.html.erb (2.3ms)
  Rendered topics/new.html.erb within layouts/application (3.9ms)
Completed 200 OK in 80ms (Views: 78.8ms | ActiveRecord: 0.0ms)


Started GET "/" for ::1 at 2015-04-01 21:29:38 +0800
  [1m[36mActiveRecord::SchemaMigration Load (0.1ms)[0m  [1mSELECT "schema_migrations".* FROM "schema_migrations"[0m
Processing by TopicsController#index as HTML
  [1m[35mTopic Load (0.2ms)[0m  SELECT "topics".* FROM "topics"
  Rendered topics/index.html.erb within layouts/application (7.0ms)
Completed 200 OK in 193ms (Views: 182.0ms | ActiveRecord: 0.5ms)
